<?xml version="1.0" encoding="UTF-8"?>
<!-- Generated by org.testng.reporters.JUnitXMLReporter -->
<testsuite ignored="0" hostname="192.168.1.9" failures="0" tests="3" name="Default test" time="10.349" errors="0" timestamp="2024-04-27T01:02:46 IST">
  <testcase classname="tests.HomePageTests" name="firstArticleValue" time="0.05"/>
  <testcase classname="tests.HomePageTests" name="verifyPageTitle" time="0.009"/>
  <testcase classname="tests.HomePageTests" name="clickGetInvolved" time="2.993"/>
</testsuite> <!-- Default test -->
