<?xml version="1.0" encoding="UTF-8"?>
<testng-results ignored="0" total="3" passed="3" failed="0" skipped="0">
  <reporter-output>
  </reporter-output>
  <suite started-at="2024-04-27T09:01:09 IST" name="Suite" finished-at="2024-04-27T09:01:22 IST" duration-ms="13023">
    <groups>
    </groups>
    <test started-at="2024-04-27T09:01:09 IST" name="Test" finished-at="2024-04-27T09:01:22 IST" duration-ms="13023">
      <class name="tests.HomePageTests">
        <test-method is-config="true" signature="setup()[pri:0, instance:tests.HomePageTests@ec756bd]" started-at="2024-04-27T09:01:09 IST" name="setup" finished-at="2024-04-27T09:01:18 IST" duration-ms="9280" status="PASS">
          <reporter-output>
          </reporter-output>
        </test-method> <!-- setup -->
        <test-method signature="firstArticleValue()[pri:1, instance:tests.HomePageTests@ec756bd]" started-at="2024-04-27T09:01:18 IST" name="firstArticleValue" finished-at="2024-04-27T09:01:18 IST" duration-ms="34" status="PASS">
          <reporter-output>
          </reporter-output>
        </test-method> <!-- firstArticleValue -->
        <test-method signature="verifyPageTitle()[pri:2, instance:tests.HomePageTests@ec756bd]" started-at="2024-04-27T09:01:18 IST" name="verifyPageTitle" finished-at="2024-04-27T09:01:18 IST" duration-ms="5" status="PASS">
          <reporter-output>
          </reporter-output>
        </test-method> <!-- verifyPageTitle -->
        <test-method signature="clickGetInvolved()[pri:3, instance:tests.HomePageTests@ec756bd]" started-at="2024-04-27T09:01:18 IST" name="clickGetInvolved" finished-at="2024-04-27T09:01:21 IST" duration-ms="3086" status="PASS">
          <reporter-output>
          </reporter-output>
        </test-method> <!-- clickGetInvolved -->
        <test-method is-config="true" signature="quitbrowser()[pri:0, instance:tests.HomePageTests@ec756bd]" started-at="2024-04-27T09:01:21 IST" name="quitbrowser" finished-at="2024-04-27T09:01:22 IST" duration-ms="589" status="PASS">
          <reporter-output>
          </reporter-output>
        </test-method> <!-- quitbrowser -->
      </class> <!-- tests.HomePageTests -->
    </test> <!-- Test -->
  </suite> <!-- Suite -->
</testng-results>
