<?xml version="1.0" encoding="UTF-8"?>
<testsuite xmlns:xsi="http://www.w3.org/2001/XMLSchema-instance" xsi:noNamespaceSchemaLocation="https://maven.apache.org/surefire/maven-surefire-plugin/xsd/surefire-test-report-3.0.xsd" version="3.0" name="TestSuite" time="13.345" tests="3" errors="0" skipped="0" failures="0">
  <properties>
[...]
</properties>
  <testcase name="firstArticleValue" classname="tests.HomePageTests" time="0.033">
    <system-err><![CDATA[SLF4J: Failed to load class "org.slf4j.impl.StaticLoggerBinder".
SLF4J: Defaulting to no-operation (NOP) logger implementation
SLF4J: See http://www.slf4j.org/codes.html#StaticLoggerBinder for further details.
Apr 27, 2024 9:01:12 AM org.openqa.selenium.devtools.CdpVersionFinder findNearestMatch
WARNING: Unable to find an exact match for CDP version 124, returning the closest version; found: 123; Please update to a Selenium version that supports CDP version 124
]]></system-err>
  </testcase>
  <testcase name="verifyPageTitle" classname="tests.HomePageTests" time="0.006">
    <system-out><![CDATA[Организация Объединенных Наций | Мир, достоинство и равенствона здоровой планете
null
]]></system-out>
  </testcase>
  <testcase name="clickGetInvolved" classname="tests.HomePageTests" time="3.086">
    <system-out><![CDATA[Примите участие! | Организация Объединенных Наций
test is over
]]></system-out>
  </testcase>
</testsuite>