<?xml version="1.0" encoding="UTF-8"?>
<testng-results ignored="0" total="3" passed="3" failed="0" skipped="0">
  <reporter-output>
  </reporter-output>
  <suite started-at="2024-04-27T01:03:28 IST" name="Suite" finished-at="2024-04-27T01:03:37 IST" duration-ms="8770">
    <groups>
    </groups>
    <test started-at="2024-04-27T01:03:28 IST" name="Test" finished-at="2024-04-27T01:03:37 IST" duration-ms="8770">
      <class name="tests.HomePageTests">
        <test-method is-config="true" signature="setup()[pri:0, instance:tests.HomePageTests@635eaaf1]" started-at="2024-04-27T01:03:28 IST" name="setup" finished-at="2024-04-27T01:03:34 IST" duration-ms="5835" status="PASS">
          <reporter-output>
          </reporter-output>
        </test-method> <!-- setup -->
        <test-method signature="firstArticleValue()[pri:1, instance:tests.HomePageTests@635eaaf1]" started-at="2024-04-27T01:03:34 IST" name="firstArticleValue" finished-at="2024-04-27T01:03:34 IST" duration-ms="34" status="PASS">
          <reporter-output>
          </reporter-output>
        </test-method> <!-- firstArticleValue -->
        <test-method signature="verifyPageTitle()[pri:2, instance:tests.HomePageTests@635eaaf1]" started-at="2024-04-27T01:03:34 IST" name="verifyPageTitle" finished-at="2024-04-27T01:03:34 IST" duration-ms="6" status="PASS">
          <reporter-output>
          </reporter-output>
        </test-method> <!-- verifyPageTitle -->
        <test-method signature="clickGetInvolved()[pri:3, instance:tests.HomePageTests@635eaaf1]" started-at="2024-04-27T01:03:34 IST" name="clickGetInvolved" finished-at="2024-04-27T01:03:37 IST" duration-ms="2446" status="PASS">
          <reporter-output>
          </reporter-output>
        </test-method> <!-- clickGetInvolved -->
        <test-method is-config="true" signature="quitbrowser()[pri:0, instance:tests.HomePageTests@635eaaf1]" started-at="2024-04-27T01:03:37 IST" name="quitbrowser" finished-at="2024-04-27T01:03:37 IST" duration-ms="432" status="PASS">
          <reporter-output>
          </reporter-output>
        </test-method> <!-- quitbrowser -->
      </class> <!-- tests.HomePageTests -->
    </test> <!-- Test -->
  </suite> <!-- Suite -->
</testng-results>
